<?xml version="1.0" encoding="UTF-8"?>
<!-- Generated by org.testng.reporters.JUnitReportReporter -->
<testsuite hostname="kshitija1108" failures="0" tests="2" name="testNGxmlUse.MyClass2" time="0.019" errors="0" timestamp="2023-12-23T00:23:31 IST" skipped="0">
  <testcase classname="testNGxmlUse.MyClass2" name="TC8" time="0.002">
    <system-out>
      <![CDATA[TC8 is running]]>
    </system-out>
  </testcase> <!-- TC8 -->
  <testcase classname="testNGxmlUse.MyClass2" name="TC5" time="0.017">
    <system-out>
      <![CDATA[TC5 is running]]>
    </system-out>
  </testcase> <!-- TC5 -->
  <system-out>
    <![CDATA[TC5 is running
TC8 is running
TC2 is running
TC3 is running
TC4 is running]]>
  </system-out>
</testsuite> <!-- testNGxmlUse.MyClass2 -->
