<?xml version="1.0" encoding="UTF-8"?>
<!-- Generated by org.testng.reporters.JUnitReportReporter -->
<testsuite hostname="kshitija1108" failures="0" tests="2" name="testNG.testAnnotations" time="0.003" errors="0" timestamp="2023-12-22T19:11:55 IST" skipped="0">
  <testcase classname="testNG.testAnnotations" name="myTest" time="0.001">
    <system-out>
      <![CDATA[Test Method of myTest Class]]>
    </system-out>
  </testcase> <!-- myTest -->
  <testcase classname="testNG.testAnnotations" name="myTest1" time="0.002">
    <system-out>
      <![CDATA[Test Method1 of myTest Class]]>
    </system-out>
  </testcase> <!-- myTest1 -->
  <system-out>
    <![CDATA[Before suit is running
Before Test Annotation of myTest class
Test Method of myTest Class
Test Method1 of myTest Class
afterClass Annotation of myTest Class
payment done successful
Before class is running
Before method is running
TC a is running
After method is running
After class is running
After suit is running]]>
  </system-out>
</testsuite> <!-- testNG.testAnnotations -->
