<?xml version="1.0" encoding="UTF-8"?>
<!-- Generated by org.testng.reporters.JUnitReportReporter -->
<testsuite hostname="kshitija1108" failures="0" tests="1" name="tsetNGAssertion.AssertTrueFalse" time="0.010" errors="0" timestamp="2023-12-27T00:21:19 IST" skipped="0">
  <testcase classname="tsetNGAssertion.AssertTrueFalse" name="f" time="0.010"/>
</testsuite> <!-- tsetNGAssertion.AssertTrueFalse -->
