<?xml version="1.0" encoding="UTF-8"?>
<!-- Generated by org.testng.reporters.JUnitReportReporter -->
<testsuite hostname="kshitija1108" failures="0" tests="1" name="testNG.MyFirstTestNG" time="10.860" errors="0" timestamp="2023-12-22T19:11:55 IST" skipped="0">
  <testcase classname="testNG.MyFirstTestNG" name="f" time="10.860"/>
  <system-out>
    <![CDATA[Before suit is running
Before Test Annotation of myTest class
Test Method of myTest Class
Test Method1 of myTest Class
afterClass Annotation of myTest Class
payment done successful
Before class is running
Before method is running
TC a is running
After method is running
After class is running
After suit is running]]>
  </system-out>
</testsuite> <!-- testNG.MyFirstTestNG -->
