<?xml version="1.0" encoding="UTF-8"?>
<!-- Generated by org.testng.reporters.JUnitReportReporter -->
<testsuite hostname="kshitija1108" failures="0" tests="2" name="testNGxmlUse.MyClass" time="0.016" errors="0" timestamp="2023-12-22T23:19:43 IST" skipped="0">
  <testcase classname="testNGxmlUse.MyClass" name="TC1" time="0.015">
    <system-out>
      <![CDATA[TC1 is running]]>
    </system-out>
  </testcase> <!-- TC1 -->
  <testcase classname="testNGxmlUse.MyClass" name="TC3" time="0.001">
    <system-out>
      <![CDATA[TC3 is running]]>
    </system-out>
  </testcase> <!-- TC3 -->
  <system-out>
    <![CDATA[TC1 is running
TC3 is running]]>
  </system-out>
</testsuite> <!-- testNGxmlUse.MyClass -->
