<?xml version="1.0" encoding="UTF-8"?>
<!-- Generated by org.testng.reporters.JUnitReportReporter -->
<testsuite hostname="kshitija1108" failures="0" tests="1" name="tsetNGAssertion.AssertEqualsUse" time="0.009" errors="0" timestamp="2023-12-27T00:16:29 IST" skipped="0">
  <testcase classname="tsetNGAssertion.AssertEqualsUse" name="f" time="0.009"/>
</testsuite> <!-- tsetNGAssertion.AssertEqualsUse -->
