<?xml version="1.0" encoding="UTF-8"?>
<!-- Generated by org.testng.reporters.JUnitReportReporter -->
<testsuite hostname="kshitija1108" failures="0" tests="4" name="testNGKeywords.Priority" time="0.021" errors="0" timestamp="2023-12-20T17:32:52 IST" skipped="0">
  <testcase classname="testNGKeywords.Priority" name="d" time="0.015">
    <system-out>
      <![CDATA[TC d is running]]>
    </system-out>
  </testcase> <!-- d -->
  <testcase classname="testNGKeywords.Priority" name="b" time="0.002">
    <system-out>
      <![CDATA[TC b is running]]>
    </system-out>
  </testcase> <!-- b -->
  <testcase classname="testNGKeywords.Priority" name="c" time="0.003">
    <system-out>
      <![CDATA[TC c is running]]>
    </system-out>
  </testcase> <!-- c -->
  <testcase classname="testNGKeywords.Priority" name="a" time="0.001">
    <system-out>
      <![CDATA[TC a is running]]>
    </system-out>
  </testcase> <!-- a -->
  <system-out>
    <![CDATA[TC d is running
TC b is running
TC a is running
TC c is running]]>
  </system-out>
</testsuite> <!-- testNGKeywords.Priority -->
