<?xml version="1.0" encoding="UTF-8"?>
<!-- Generated by org.testng.reporters.JUnitReportReporter -->
<testsuite hostname="kshitija1108" failures="0" tests="2" name="tsetNGAssertion.SoftAssertUse" time="0.019" errors="0" timestamp="2023-12-27T00:41:39 IST" skipped="0">
  <testcase classname="tsetNGAssertion.SoftAssertUse" name="f" time="0.018"/>
  <testcase classname="tsetNGAssertion.SoftAssertUse" name="m" time="0.001"/>
</testsuite> <!-- tsetNGAssertion.SoftAssertUse -->
