<?xml version="1.0" encoding="UTF-8"?>
<!-- Generated by org.testng.reporters.JUnitReportReporter -->
<testsuite hostname="kshitija1108" failures="0" tests="1" name="tsetNGAssertion.AssertNullNotNull" time="0.008" errors="0" timestamp="2023-12-27T00:25:55 IST" skipped="0">
  <testcase classname="tsetNGAssertion.AssertNullNotNull" name="f" time="0.008"/>
</testsuite> <!-- tsetNGAssertion.AssertNullNotNull -->
