<?xml version="1.0" encoding="UTF-8"?>
<!-- Generated by org.testng.reporters.JUnitReportReporter -->
<testsuite hostname="kshitija1108" failures="0" tests="3" name="testNGxmlUse.MyClass1" time="0.008" errors="0" timestamp="2023-12-23T00:23:31 IST" skipped="0">
  <testcase classname="testNGxmlUse.MyClass1" name="TC3" time="0.004">
    <system-out>
      <![CDATA[TC3 is running]]>
    </system-out>
  </testcase> <!-- TC3 -->
  <testcase classname="testNGxmlUse.MyClass1" name="TC4" time="0.002">
    <system-out>
      <![CDATA[TC4 is running]]>
    </system-out>
  </testcase> <!-- TC4 -->
  <testcase classname="testNGxmlUse.MyClass1" name="TC2" time="0.002">
    <system-out>
      <![CDATA[TC2 is running]]>
    </system-out>
  </testcase> <!-- TC2 -->
  <system-out>
    <![CDATA[TC5 is running
TC8 is running
TC2 is running
TC3 is running
TC4 is running]]>
  </system-out>
</testsuite> <!-- testNGxmlUse.MyClass1 -->
