<?xml version="1.0" encoding="UTF-8"?>
<!-- Generated by org.testng.reporters.JUnitReportReporter -->
<testsuite hostname="kshitija1108" failures="0" tests="1" name="serialAndParallel.Amazon" time="3.558" errors="0" timestamp="2023-12-23T00:51:25 IST" skipped="0">
  <testcase classname="serialAndParallel.Amazon" name="AmazonTest" time="3.558"/>
</testsuite> <!-- serialAndParallel.Amazon -->
