<?xml version="1.0" encoding="UTF-8"?>
<!-- Generated by org.testng.reporters.JUnitReportReporter -->
<testsuite hostname="kshitija1108" failures="0" tests="4" name="testNGKeywords.MixedKeywordsUse" time="0.023" errors="0" timestamp="2023-12-20T20:55:10 IST" skipped="0">
  <testcase classname="testNGKeywords.MixedKeywordsUse" name="c" time="0.005">
    <system-out>
      <![CDATA[TC c is running]]>
    </system-out>
  </testcase> <!-- c -->
  <testcase classname="testNGKeywords.MixedKeywordsUse" name="b" time="0.009">
    <system-out>
      <![CDATA[TC b is running]]>
    </system-out>
  </testcase> <!-- b -->
  <testcase classname="testNGKeywords.MixedKeywordsUse" name="a" time="0.007">
    <system-out>
      <![CDATA[TC a is running]]>
    </system-out>
  </testcase> <!-- a -->
  <testcase classname="testNGKeywords.MixedKeywordsUse" name="d" time="0.002">
    <system-out>
      <![CDATA[TC d is running]]>
    </system-out>
  </testcase> <!-- d -->
  <system-out>
    <![CDATA[TC b is running
TC c is running
TC d is running
TC a is running]]>
  </system-out>
</testsuite> <!-- testNGKeywords.MixedKeywordsUse -->
