<?xml version="1.0" encoding="UTF-8"?>
<!-- Generated by org.testng.reporters.JUnitReportReporter -->
<testsuite hostname="kshitija1108" failures="0" tests="1" name="testNG.NewTest" time="6.111" errors="0" timestamp="2023-12-16T00:14:10 IST" skipped="0">
  <testcase classname="testNG.NewTest" name="f" time="6.111"/>
</testsuite> <!-- testNG.NewTest -->
