<?xml version="1.0" encoding="UTF-8"?>
<!-- Generated by org.testng.reporters.JUnitReportReporter -->
<testsuite hostname="kshitija1108" failures="0" tests="3" name="testNGxmlUse.MyClass3" time="0.012" errors="0" timestamp="2023-12-23T00:34:12 IST" skipped="0">
  <testcase classname="testNGxmlUse.MyClass3" name="TC2" time="0.009">
    <system-out>
      <![CDATA[TC2 is running]]>
    </system-out>
  </testcase> <!-- TC2 -->
  <testcase classname="testNGxmlUse.MyClass3" name="TC1" time="0.002">
    <system-out>
      <![CDATA[TC1 is running]]>
    </system-out>
  </testcase> <!-- TC1 -->
  <testcase classname="testNGxmlUse.MyClass3" name="TC3" time="0.001">
    <system-out>
      <![CDATA[TC3 is running]]>
    </system-out>
  </testcase> <!-- TC3 -->
  <system-out>
    <![CDATA[TC6 is running
TC7 is running
TC1 is running
TC2 is running
TC3 is running]]>
  </system-out>
</testsuite> <!-- testNGxmlUse.MyClass3 -->
