<?xml version="1.0" encoding="UTF-8"?>
<!-- Generated by org.testng.reporters.JUnitReportReporter -->
<testsuite hostname="kshitija1108" failures="0" tests="2" name="testNGxmlUse.MyClass4" time="0.025" errors="0" timestamp="2023-12-23T00:34:12 IST" skipped="0">
  <testcase classname="testNGxmlUse.MyClass4" name="TC7" time="0.003">
    <system-out>
      <![CDATA[TC7 is running]]>
    </system-out>
  </testcase> <!-- TC7 -->
  <testcase classname="testNGxmlUse.MyClass4" name="TC6" time="0.022">
    <system-out>
      <![CDATA[TC6 is running]]>
    </system-out>
  </testcase> <!-- TC6 -->
  <system-out>
    <![CDATA[TC6 is running
TC7 is running
TC1 is running
TC2 is running
TC3 is running]]>
  </system-out>
</testsuite> <!-- testNGxmlUse.MyClass4 -->
