<?xml version="1.0" encoding="UTF-8"?>
<!-- Generated by org.testng.reporters.JUnitReportReporter -->
<testsuite hostname="kshitija1108" failures="0" tests="1" name="serialAndParallel.Ajio" time="2.850" errors="0" timestamp="2023-12-23T00:51:25 IST" skipped="0">
  <testcase classname="serialAndParallel.Ajio" name="AjioTest" time="2.850"/>
</testsuite> <!-- serialAndParallel.Ajio -->
