<?xml version="1.0" encoding="UTF-8"?>
<!-- Generated by org.testng.reporters.JUnitReportReporter -->
<testsuite hostname="kshitija1108" failures="0" tests="6" name="testNGKeywords.InvocationCount" time="0.018" errors="0" timestamp="2023-12-20T17:38:50 IST" skipped="0">
  <testcase classname="testNGKeywords.InvocationCount" name="b" time="0.004">
    <system-out>
      <![CDATA[Tc b is running]]>
    </system-out>
  </testcase> <!-- b -->
  <testcase classname="testNGKeywords.InvocationCount" name="a" time="0.007">
    <system-out>
      <![CDATA[TC a is running]]>
    </system-out>
  </testcase> <!-- a -->
  <testcase classname="testNGKeywords.InvocationCount" name="b" time="0.001">
    <system-out>
      <![CDATA[Tc b is running]]>
    </system-out>
  </testcase> <!-- b -->
  <testcase classname="testNGKeywords.InvocationCount" name="b" time="0.001">
    <system-out>
      <![CDATA[Tc b is running]]>
    </system-out>
  </testcase> <!-- b -->
  <testcase classname="testNGKeywords.InvocationCount" name="b" time="0.004">
    <system-out>
      <![CDATA[Tc b is running]]>
    </system-out>
  </testcase> <!-- b -->
  <testcase classname="testNGKeywords.InvocationCount" name="c" time="0.001">
    <system-out>
      <![CDATA[TC c is running]]>
    </system-out>
  </testcase> <!-- c -->
  <system-out>
    <![CDATA[TC a is running
Tc b is running
Tc b is running
Tc b is running
Tc b is running
TC c is running]]>
  </system-out>
</testsuite> <!-- testNGKeywords.InvocationCount -->
