<?xml version="1.0" encoding="UTF-8"?>
<!-- Generated by org.testng.reporters.JUnitReportReporter -->
<testsuite hostname="kshitija1108" failures="0" tests="1" name="coverFoxUsingTestNG.CF_TC555_Validate_Search_Results_Forr_Healthcare_Policies" time="25.315" errors="0" timestamp="2024-01-04T22:26:33 IST" skipped="0">
  <testcase classname="coverFoxUsingTestNG.CF_TC555_Validate_Search_Results_Forr_Healthcare_Policies" name="validateTestPlansFromTextAndBanners" time="25.315">
    <system-out>
      <![CDATA[Fetching number of results from text
Fetching number of results from Banners
TC is passed]]>
    </system-out>
  </testcase> <!-- validateTestPlansFromTextAndBanners -->
  <system-out>
    <![CDATA[Opening Browser
clicking on gender button
clicking on next button
Handling age dropdown
clicking on next button
Entering Pin Code
Entering mobile num
Fetching number of results from text
Fetching number of results from Banners
TC is passed
Closing Browser]]>
  </system-out>
</testsuite> <!-- coverFoxUsingTestNG.CF_TC555_Validate_Search_Results_Forr_Healthcare_Policies -->
