<?xml version="1.0" encoding="UTF-8"?>
<!-- Generated by org.testng.reporters.JUnitReportReporter -->
<testsuite hostname="kshitija1108" failures="0" tests="1" name="fireFoxLaunch.FireFoxTest" time="5.649" errors="0" timestamp="2023-12-26T18:01:51 IST" skipped="0">
  <testcase classname="fireFoxLaunch.FireFoxTest" name="f" time="5.649"/>
</testsuite> <!-- fireFoxLaunch.FireFoxTest -->
