<?xml version="1.0" encoding="UTF-8"?>
<!-- Generated by org.testng.reporters.JUnitReportReporter -->
<testsuite hostname="kshitija1108" failures="0" tests="1" name="testNG.TimeoutUse" time="3.016" errors="0" timestamp="2023-12-22T19:12:13 IST" skipped="0">
  <testcase classname="testNG.TimeoutUse" name="payment" time="3.016">
    <system-out>
      <![CDATA[payment done successful]]>
    </system-out>
  </testcase> <!-- payment -->
  <system-out>
    <![CDATA[payment done successful]]>
  </system-out>
</testsuite> <!-- testNG.TimeoutUse -->
