<?xml version="1.0" encoding="UTF-8"?>
<!-- Generated by org.testng.reporters.JUnitReportReporter -->
<testsuite hostname="kshitija1108" failures="0" tests="1" name="tsetNGAssertion.NormalTestValidation" time="6.690" errors="0" timestamp="2023-12-27T00:07:40 IST" skipped="0">
  <testcase classname="tsetNGAssertion.NormalTestValidation" name="f" time="6.690"/>
</testsuite> <!-- tsetNGAssertion.NormalTestValidation -->
